<?xml version="1.0" encoding="UTF-8"?>
<!-- Generated by org.testng.reporters.JUnitReportReporter -->
<testsuite hostname="NMSLAP311" failures="0" tests="1" name="testcases.AccountRegistrationComplete" time="2.505" errors="0" timestamp="2024-12-11T15:54:24 IST" skipped="0">
  <testcase classname="testcases.AccountRegistrationComplete" name="AccountRegistration" time="2.505"/>
</testsuite> <!-- testcases.AccountRegistrationComplete -->
