<?xml version="1.0" encoding="UTF-8"?>
<!-- Generated by org.testng.reporters.JUnitReportReporter -->
<testsuite hostname="NMSLAP311" failures="0" tests="5" name="testcases.TC003_LogintestDDT" time="39.647" errors="0" timestamp="2024-12-23T12:19:04 IST" skipped="0">
  <testcase classname="testcases.TC003_LogintestDDT" name="verify_loginDDT" time="11.345"/>
  <testcase classname="testcases.TC003_LogintestDDT" name="verify_loginDDT" time="1.926"/>
  <testcase classname="testcases.TC003_LogintestDDT" name="verify_loginDDT" time="3.767"/>
  <testcase classname="testcases.TC003_LogintestDDT" name="verify_loginDDT" time="11.359"/>
  <testcase classname="testcases.TC003_LogintestDDT" name="verify_loginDDT" time="11.250"/>
</testsuite> <!-- testcases.TC003_LogintestDDT -->
