<?xml version="1.0" encoding="UTF-8"?>
<!-- Generated by org.testng.reporters.JUnitReportReporter -->
<testsuite hostname="NMSLAP311" failures="0" tests="1" name="testcases.TC001_AccountRegistrationComplete" time="1.841" errors="0" timestamp="2025-01-24T11:14:21 IST" skipped="0">
  <testcase classname="testcases.TC001_AccountRegistrationComplete" name="AccountRegistration" time="1.841"/>
</testsuite> <!-- testcases.TC001_AccountRegistrationComplete -->
