<?xml version="1.0" encoding="UTF-8"?>
<!-- Generated by org.testng.reporters.JUnitReportReporter -->
<testsuite hostname="NMSLAP311" failures="0" tests="1" name="testcases.TC002_LoginTest" time="1.157" errors="0" timestamp="2025-01-24T11:14:21 IST" skipped="0">
  <testcase classname="testcases.TC002_LoginTest" name="LoginComplete" time="1.157"/>
</testsuite> <!-- testcases.TC002_LoginTest -->
